(.venv) anna@ward:~/developer/GB_Unit_Tests/lesson6/hw$ pytest test_compare_lists.py 
================================================== test session starts ===================================================
platform linux -- Python 3.8.0, pytest-7.4.3, pluggy-1.3.0
rootdir: /home/anna/developer/GB_Unit_Tests/lesson6/hw
plugins: cov-4.1.0
collected 3 items                                                                                                        

test_compare_lists.py ...                                                                                          [100%]

=================================================== 3 passed in 0.01s ====================================================